[0511/183116.351:ERROR:process_info.cc(329)] VirtualQueryEx: Access is denied. (0x5)
[0511/183116.366:ERROR:process_info.cc(556)] ReadMemoryInfo failed
[0511/183116.366:ERROR:scoped_process_suspend.cc(40)] NtResumeProcess: An attempt was made to access an exiting process. (0xc000010a)
[0512/165913.130:ERROR:process_reader_win.cc(151)] SuspendThread: Access is denied. (0x5)
[0512/165913.134:ERROR:exception_snapshot_win.cc(98)] thread ID 1956 not found in process
[0513/173601.970:ERROR:process_info.cc(329)] VirtualQueryEx: Access is denied. (0x5)
[0513/173601.974:ERROR:process_info.cc(556)] ReadMemoryInfo failed
[0513/173601.974:ERROR:scoped_process_suspend.cc(40)] NtResumeProcess: An attempt was made to access an exiting process. (0xc000010a)
[0514/214917.430:ERROR:process_reader_win.cc(151)] SuspendThread: Access is denied. (0x5)
[0514/214917.449:ERROR:process_reader_win.cc(151)] SuspendThread: Access is denied. (0x5)
[0514/214917.449:ERROR:exception_snapshot_win.cc(98)] thread ID 11544 not found in process
[0518/105118.491:ERROR:process_reader_win.cc(151)] SuspendThread: Access is denied. (0x5)
[0518/105118.513:ERROR:exception_snapshot_win.cc(98)] thread ID 10132 not found in process
[0520/181204.966:ERROR:process_info.cc(98)] ReadProcessMemory UNICODE_STRING: Only part of a ReadProcessMemory or WriteProcessMemory request was completed. (0x12B)
[0520/181204.996:ERROR:process_info.cc(118)] ReadProcessMemory bool __cdecl crashpad::(anonymous namespace)::ReadStruct(HANDLE, crashpad::WinVMAddress, T *) [T = crashpad::process_types::LDR_DATA_TABLE_ENTRY<crashpad::process_types::internal::Traits64>]: Only part of a ReadProcessMemory or WriteProcessMemory request was completed. (0x12B)
[0520/181204.997:ERROR:process_info.cc(329)] VirtualQueryEx: Access is denied. (0x5)
[0520/181204.997:ERROR:process_info.cc(556)] ReadMemoryInfo failed
[0520/181204.997:ERROR:process_memory_win.cc(39)] Failed to initialize ProcessInfo.
[0520/181204.997:ERROR:scoped_process_suspend.cc(40)] NtResumeProcess: An attempt was made to access an exiting process. (0xc000010a)
[0529/205331.703:ERROR:process_info.cc(329)] VirtualQueryEx: Access is denied. (0x5)
[0529/205331.728:ERROR:process_info.cc(556)] ReadMemoryInfo failed
[0529/205331.728:ERROR:process_memory_win.cc(39)] Failed to initialize ProcessInfo.
[0529/205331.729:ERROR:scoped_process_suspend.cc(40)] NtResumeProcess: An attempt was made to access an exiting process. (0xc000010a)
[0602/213348.176:ERROR:process_info.cc(329)] VirtualQueryEx: Access is denied. (0x5)
[0602/213348.195:ERROR:process_info.cc(556)] ReadMemoryInfo failed
[0602/213348.195:ERROR:process_memory_win.cc(39)] Failed to initialize ProcessInfo.
[0602/213348.196:ERROR:scoped_process_suspend.cc(40)] NtResumeProcess: An attempt was made to access an exiting process. (0xc000010a)
[0602/213453.374:ERROR:process_info.cc(329)] VirtualQueryEx: Access is denied. (0x5)
[0602/213453.376:ERROR:process_info.cc(556)] ReadMemoryInfo failed
[0602/213453.376:ERROR:process_memory_win.cc(39)] Failed to initialize ProcessInfo.
[0602/213453.376:ERROR:scoped_process_suspend.cc(40)] NtResumeProcess: An attempt was made to access an exiting process. (0xc000010a)
[0602/213830.197:ERROR:process_reader_win.cc(151)] SuspendThread: Access is denied. (0x5)
[0602/213830.199:ERROR:exception_snapshot_win.cc(98)] thread ID 6788 not found in process
[0604/215422.984:ERROR:process_info.cc(329)] VirtualQueryEx: Access is denied. (0x5)
[0604/215423.007:ERROR:process_info.cc(556)] ReadMemoryInfo failed
[0604/215423.007:ERROR:process_memory_win.cc(39)] Failed to initialize ProcessInfo.
[0604/215423.007:ERROR:scoped_process_suspend.cc(40)] NtResumeProcess: An attempt was made to access an exiting process. (0xc000010a)
[0608/105612.331:ERROR:process_reader_win.cc(151)] SuspendThread: Access is denied. (0x5)
[0608/105612.344:ERROR:process_reader_win.cc(151)] SuspendThread: Access is denied. (0x5)
[0608/105612.344:ERROR:exception_snapshot_win.cc(98)] thread ID 5500 not found in process
[0608/105619.563:ERROR:process_info.cc(118)] ReadProcessMemory bool __cdecl crashpad::(anonymous namespace)::ReadStruct(HANDLE, crashpad::WinVMAddress, T *) [T = crashpad::process_types::LDR_DATA_TABLE_ENTRY<crashpad::process_types::internal::Traits64>]: Only part of a ReadProcessMemory or WriteProcessMemory request was completed. (0x12B)
[0608/105619.564:ERROR:process_info.cc(329)] VirtualQueryEx: Access is denied. (0x5)
[0608/105619.564:ERROR:process_info.cc(556)] ReadMemoryInfo failed
[0608/105619.564:ERROR:process_memory_win.cc(39)] Failed to initialize ProcessInfo.
[0608/105619.564:ERROR:scoped_process_suspend.cc(40)] NtResumeProcess: An attempt was made to access an exiting process. (0xc000010a)
[0608/154754.290:ERROR:process_reader_win.cc(151)] SuspendThread: Access is denied. (0x5)
[0608/154754.292:ERROR:exception_snapshot_win.cc(98)] thread ID 13760 not found in process
